<?xml version="1.0" encoding="UTF-8"?>
<!-- Generated by org.testng.reporters.JUnitReportReporter -->
<testsuite hostname="NEHAs-Air-2.lan" failures="0" tests="1" name="org.ref_app_bp_test.Ref_tappp_01_Verify_show_hide_panel_working" time="9.828" errors="0" timestamp="2024-05-09T22:42:41 IST" skipped="0">
  <testcase classname="org.ref_app_bp_test.Ref_tappp_01_Verify_show_hide_panel_working" name="testMessage" time="9.828">
    <system-out>
      <![CDATA[TC testMessage Execution started
TC testMessage Execution successful]]>
    </system-out>
  </testcase> <!-- testMessage -->
  <system-out>
    <![CDATA[TC testMessage Execution started
TC testMessage Execution successful]]>
  </system-out>
</testsuite> <!-- org.ref_app_bp_test.Ref_tappp_01_Verify_show_hide_panel_working -->
